<?xml version="1.0" encoding="UTF-8"?>
<testng-results ignored="0" total="1" passed="1" failed="0" skipped="0">
  <reporter-output>
  </reporter-output>
  <suite started-at="2025-08-20T15:20:53 IST" name="Suite" finished-at="2025-08-20T15:21:05 IST" duration-ms="11625">
    <groups>
    </groups>
    <test started-at="2025-08-20T15:20:53 IST" name="Test" finished-at="2025-08-20T15:21:05 IST" duration-ms="11625">
      <class name="amazontest.AddToCartPackage">
        <test-method is-config="true" signature="setup()[pri:0, instance:amazontest.AddToCartPackage@13c9d689]" started-at="2025-08-20T15:20:53 IST" name="setup" finished-at="2025-08-20T15:20:57 IST" duration-ms="4055" status="PASS">
          <reporter-output>
          </reporter-output>
        </test-method> <!-- setup -->
        <test-method signature="Search_for_phone()[pri:0, instance:amazontest.AddToCartPackage@13c9d689]" started-at="2025-08-20T15:20:57 IST" name="Search_for_phone" finished-at="2025-08-20T15:21:04 IST" duration-ms="7052" status="PASS">
          <reporter-output>
          </reporter-output>
        </test-method> <!-- Search_for_phone -->
        <test-method is-config="true" signature="teardown()[pri:0, instance:amazontest.AddToCartPackage@13c9d689]" started-at="2025-08-20T15:21:04 IST" name="teardown" finished-at="2025-08-20T15:21:05 IST" duration-ms="195" status="PASS">
          <reporter-output>
          </reporter-output>
        </test-method> <!-- teardown -->
      </class> <!-- amazontest.AddToCartPackage -->
    </test> <!-- Test -->
  </suite> <!-- Suite -->
</testng-results>
